{"name":"loginPageTitleTest","status":"skipped","statusDetails":{"known":false,"muted":false,"flaky":false,"message":"Expected condition failed: waiting for title to be \"Account Logina\". Current title: \"Account Login\" (tried for 5 second(s) with 500 milliseconds interval)\nBuild info: version: '4.4.0', revision: 'e5c75ed026a'\nSystem info: host: 'INAIRLT541343', ip: '192.168.1.19', os.name: 'Windows 11', os.arch: 'amd64', os.version: '10.0', java.version: '19.0.1'\nDriver info: org.openqa.selenium.chrome.ChromeDriver\nCapabilities {acceptInsecureCerts: false, browserName: chrome, browserVersion: 113.0.5672.93, chrome: {chromedriverVersion: 113.0.5672.63 (0e1a4471d5ae..., userDataDir: C:\\Users\\P71116~1.INA\\AppDa...}, goog:chromeOptions: {debuggerAddress: localhost:55730}, networkConnectionEnabled: false, pageLoadStrategy: normal, platformName: WINDOWS, proxy: Proxy(), se:cdp: ws://localhost:55730/devtoo..., se:cdpVersion: 113.0.5672.93, setWindowRect: true, strictFileInteractability: false, timeouts: {implicit: 0, pageLoad: 300000, script: 30000}, unhandledPromptBehavior: dismiss and notify, webauthn:extension:credBlob: true, webauthn:extension:largeBlob: true, webauthn:extension:minPinLength: true, webauthn:extension:prf: true, webauthn:virtualAuthenticators: true}\nSession ID: 70d1cd02cd0ebcc8dabfe08c135d8492","trace":"org.openqa.selenium.TimeoutException: Expected condition failed: waiting for title to be \"Account Logina\". Current title: \"Account Login\" (tried for 5 second(s) with 500 milliseconds interval)\nBuild info: version: '4.4.0', revision: 'e5c75ed026a'\nSystem info: host: 'INAIRLT541343', ip: '192.168.1.19', os.name: 'Windows 11', os.arch: 'amd64', os.version: '10.0', java.version: '19.0.1'\nDriver info: org.openqa.selenium.chrome.ChromeDriver\nCapabilities {acceptInsecureCerts: false, browserName: chrome, browserVersion: 113.0.5672.93, chrome: {chromedriverVersion: 113.0.5672.63 (0e1a4471d5ae..., userDataDir: C:\\Users\\P71116~1.INA\\AppDa...}, goog:chromeOptions: {debuggerAddress: localhost:55730}, networkConnectionEnabled: false, pageLoadStrategy: normal, platformName: WINDOWS, proxy: Proxy(), se:cdp: ws://localhost:55730/devtoo..., se:cdpVersion: 113.0.5672.93, setWindowRect: true, strictFileInteractability: false, timeouts: {implicit: 0, pageLoad: 300000, script: 30000}, unhandledPromptBehavior: dismiss and notify, webauthn:extension:credBlob: true, webauthn:extension:largeBlob: true, webauthn:extension:minPinLength: true, webauthn:extension:prf: true, webauthn:virtualAuthenticators: true}\nSession ID: 70d1cd02cd0ebcc8dabfe08c135d8492\r\n\tat org.openqa.selenium.support.ui.WebDriverWait.timeoutException(WebDriverWait.java:87)\r\n\tat org.openqa.selenium.support.ui.FluentWait.until(FluentWait.java:231)\r\n\tat com.qa.opencart.utils.ElementUtil.waitForTitleToBe(ElementUtil.java:368)\r\n\tat com.qa.opencart.utils.ElementUtil.doGetTitle(ElementUtil.java:355)\r\n\tat com.qa.opencart.pages.LoginPage.getLoginPageTitle(LoginPage.java:35)\r\n\tat com.qa.opencart.tests.LoginPageTest.loginPageTitleTest(LoginPageTest.java:25)\r\n\tat java.base/jdk.internal.reflect.DirectMethodHandleAccessor.invoke(DirectMethodHandleAccessor.java:104)\r\n\tat java.base/java.lang.reflect.Method.invoke(Method.java:578)\r\n\tat org.testng.internal.MethodInvocationHelper.invokeMethod(MethodInvocationHelper.java:124)\r\n\tat org.testng.internal.Invoker.invokeMethod(Invoker.java:583)\r\n\tat org.testng.internal.Invoker.retryFailed(Invoker.java:839)\r\n\tat org.testng.internal.Invoker.invokeTestMethods(Invoker.java:1010)\r\n\tat org.testng.internal.TestMethodWorker.invokeTestMethods(TestMethodWorker.java:125)\r\n\tat org.testng.internal.TestMethodWorker.run(TestMethodWorker.java:109)\r\n\tat org.testng.TestRunner.privateRun(TestRunner.java:648)\r\n\tat org.testng.TestRunner.run(TestRunner.java:505)\r\n\tat org.testng.SuiteRunner.runTest(SuiteRunner.java:455)\r\n\tat org.testng.SuiteRunner.access$000(SuiteRunner.java:40)\r\n\tat org.testng.SuiteRunner$SuiteWorker.run(SuiteRunner.java:489)\r\n\tat org.testng.internal.thread.ThreadUtil$1.call(ThreadUtil.java:52)\r\n\tat java.base/java.util.concurrent.FutureTask.run(FutureTask.java:317)\r\n\tat java.base/java.util.concurrent.ThreadPoolExecutor.runWorker(ThreadPoolExecutor.java:1144)\r\n\tat java.base/java.util.concurrent.ThreadPoolExecutor$Worker.run(ThreadPoolExecutor.java:642)\r\n\tat java.base/java.lang.Thread.run(Thread.java:1589)\r\n"},"stage":"finished","description":"Login Page Title Test","steps":[{"name":"Getting Login Page Title for verification","status":"broken","statusDetails":{"known":false,"muted":false,"flaky":false,"message":"Expected condition failed: waiting for title to be \"Account Logina\". Current title: \"Account Login\" (tried for 5 second(s) with 500 milliseconds interval)\nBuild info: version: '4.4.0', revision: 'e5c75ed026a'\nSystem info: host: 'INAIRLT541343', ip: '192.168.1.19', os.name: 'Windows 11', os.arch: 'amd64', os.version: '10.0', java.version: '19.0.1'\nDriver info: org.openqa.selenium.chrome.ChromeDriver\nCapabilities {acceptInsecureCerts: false, browserName: chrome, browserVersion: 113.0.5672.93, chrome: {chromedriverVersion: 113.0.5672.63 (0e1a4471d5ae..., userDataDir: C:\\Users\\P71116~1.INA\\AppDa...}, goog:chromeOptions: {debuggerAddress: localhost:55730}, networkConnectionEnabled: false, pageLoadStrategy: normal, platformName: WINDOWS, proxy: Proxy(), se:cdp: ws://localhost:55730/devtoo..., se:cdpVersion: 113.0.5672.93, setWindowRect: true, strictFileInteractability: false, timeouts: {implicit: 0, pageLoad: 300000, script: 30000}, unhandledPromptBehavior: dismiss and notify, webauthn:extension:credBlob: true, webauthn:extension:largeBlob: true, webauthn:extension:minPinLength: true, webauthn:extension:prf: true, webauthn:virtualAuthenticators: true}\nSession ID: 70d1cd02cd0ebcc8dabfe08c135d8492","trace":"org.openqa.selenium.TimeoutException: Expected condition failed: waiting for title to be \"Account Logina\". Current title: \"Account Login\" (tried for 5 second(s) with 500 milliseconds interval)\nBuild info: version: '4.4.0', revision: 'e5c75ed026a'\nSystem info: host: 'INAIRLT541343', ip: '192.168.1.19', os.name: 'Windows 11', os.arch: 'amd64', os.version: '10.0', java.version: '19.0.1'\nDriver info: org.openqa.selenium.chrome.ChromeDriver\nCapabilities {acceptInsecureCerts: false, browserName: chrome, browserVersion: 113.0.5672.93, chrome: {chromedriverVersion: 113.0.5672.63 (0e1a4471d5ae..., userDataDir: C:\\Users\\P71116~1.INA\\AppDa...}, goog:chromeOptions: {debuggerAddress: localhost:55730}, networkConnectionEnabled: false, pageLoadStrategy: normal, platformName: WINDOWS, proxy: Proxy(), se:cdp: ws://localhost:55730/devtoo..., se:cdpVersion: 113.0.5672.93, setWindowRect: true, strictFileInteractability: false, timeouts: {implicit: 0, pageLoad: 300000, script: 30000}, unhandledPromptBehavior: dismiss and notify, webauthn:extension:credBlob: true, webauthn:extension:largeBlob: true, webauthn:extension:minPinLength: true, webauthn:extension:prf: true, webauthn:virtualAuthenticators: true}\nSession ID: 70d1cd02cd0ebcc8dabfe08c135d8492\r\n\tat org.openqa.selenium.support.ui.WebDriverWait.timeoutException(WebDriverWait.java:87)\r\n\tat org.openqa.selenium.support.ui.FluentWait.until(FluentWait.java:231)\r\n\tat com.qa.opencart.utils.ElementUtil.waitForTitleToBe(ElementUtil.java:368)\r\n\tat com.qa.opencart.utils.ElementUtil.doGetTitle(ElementUtil.java:355)\r\n\tat com.qa.opencart.pages.LoginPage.getLoginPageTitle(LoginPage.java:35)\r\n\tat com.qa.opencart.tests.LoginPageTest.loginPageTitleTest(LoginPageTest.java:25)\r\n\tat java.base/jdk.internal.reflect.DirectMethodHandleAccessor.invoke(DirectMethodHandleAccessor.java:104)\r\n\tat java.base/java.lang.reflect.Method.invoke(Method.java:578)\r\n\tat org.testng.internal.MethodInvocationHelper.invokeMethod(MethodInvocationHelper.java:124)\r\n\tat org.testng.internal.Invoker.invokeMethod(Invoker.java:583)\r\n\tat org.testng.internal.Invoker.retryFailed(Invoker.java:839)\r\n\tat org.testng.internal.Invoker.invokeTestMethods(Invoker.java:1010)\r\n\tat org.testng.internal.TestMethodWorker.invokeTestMethods(TestMethodWorker.java:125)\r\n\tat org.testng.internal.TestMethodWorker.run(TestMethodWorker.java:109)\r\n\tat org.testng.TestRunner.privateRun(TestRunner.java:648)\r\n\tat org.testng.TestRunner.run(TestRunner.java:505)\r\n\tat org.testng.SuiteRunner.runTest(SuiteRunner.java:455)\r\n\tat org.testng.SuiteRunner.access$000(SuiteRunner.java:40)\r\n\tat org.testng.SuiteRunner$SuiteWorker.run(SuiteRunner.java:489)\r\n\tat org.testng.internal.thread.ThreadUtil$1.call(ThreadUtil.java:52)\r\n\tat java.base/java.util.concurrent.FutureTask.run(FutureTask.java:317)\r\n\tat java.base/java.util.concurrent.ThreadPoolExecutor.runWorker(ThreadPoolExecutor.java:1144)\r\n\tat java.base/java.util.concurrent.ThreadPoolExecutor$Worker.run(ThreadPoolExecutor.java:642)\r\n\tat java.base/java.lang.Thread.run(Thread.java:1589)\r\n"},"stage":"finished","steps":[],"attachments":[],"parameters":[],"start":1683969389351,"stop":1683969394575}],"attachments":[],"parameters":[],"start":1683969389349,"stop":1683969394817,"uuid":"caf36caa-93d4-4295-8a03-1fb2078b499b","historyId":"c915138024a4c10b63b26e5b28f9d0a8","fullName":"com.qa.opencart.tests.LoginPageTest.loginPageTitleTest","labels":[{"name":"package","value":"com.qa.opencart.tests.LoginPageTest"},{"name":"testClass","value":"com.qa.opencart.tests.LoginPageTest"},{"name":"testMethod","value":"loginPageTitleTest"},{"name":"parentSuite","value":"Open Cart Test Suite"},{"name":"suite","value":"Open Cart Login Page Test"},{"name":"subSuite","value":"com.qa.opencart.tests.LoginPageTest"},{"name":"host","value":"INAIRLT541343"},{"name":"thread","value":"30900@INAIRLT541343.TestNG-tests-1(32)"},{"name":"framework","value":"testng"},{"name":"language","value":"java"},{"name":"story","value":"US 101 :Open Cart Login Design with multiple features"},{"name":"epic","value":" Epic no 10020 sample :Design Open Cart App- Login Page"},{"name":"severity","value":"minor"}],"links":[]}